

Microchip MPLAB XC8 Assembler V2.20 build 20200408173844 
                                                                                               Sat Mar 20 21:38:13 2021

Microchip MPLAB XC8 C Compiler v2.20 (Free license) build 20200408173844 Og1 
     1                           	processor	12F675
     2                           	pagewidth 120
     3                           	opt	flic
     4                           	psect	cinit,global,class=CODE,merge=1,delta=2
     5                           	psect	cstackBANK0,global,class=BANK0,space=1,delta=1,noexec
     6                           	psect	maintext,global,class=CODE,split=1,delta=2
     7                           	psect	config,global,abs,ovrld,class=CONFIG,space=4,delta=2,noexec
     8                           	dabs	1,0x5E,2
     9  0000                     
    10                           ; Version 2.20
    11                           ; Generated 29/04/2020 GMT
    12                           ; 
    13                           ; Copyright © 2020, Microchip Technology Inc. and its subsidiaries ("Microchip")
    14                           ; All rights reserved.
    15                           ; 
    16                           ; This software is developed by Microchip Technology Inc. and its subsidiaries ("Microch
      +                          ip").
    17                           ; 
    18                           ; Redistribution and use in source and binary forms, with or without modification, are
    19                           ; permitted provided that the following conditions are met:
    20                           ; 
    21                           ;     1. Redistributions of source code must retain the above copyright notice, this lis
      +                          t of
    22                           ;        conditions and the following disclaimer.
    23                           ; 
    24                           ;     2. Redistributions in binary form must reproduce the above copyright notice, this 
      +                          list
    25                           ;        of conditions and the following disclaimer in the documentation and/or other
    26                           ;        materials provided with the distribution.
    27                           ; 
    28                           ;     3. Microchip's name may not be used to endorse or promote products derived from th
      +                          is
    29                           ;        software without specific prior written permission.
    30                           ; 
    31                           ; THIS SOFTWARE IS PROVIDED BY MICROCHIP "AS IS" AND ANY EXPRESS OR IMPLIED WARRANTIES,
    32                           ; INCLUDING, BUT NOT LIMITED TO, THE IMPLIED WARRANTIES OF MERCHANTABILITY AND FITNESS F
      +                          OR
    33                           ; PURPOSE ARE DISCLAIMED.  IN NO EVENT SHALL MICROCHIP BE LIABLE FOR ANY DIRECT, INDIREC
      +                          T,
    34                           ; INCIDENTAL, SPECIAL, EXEMPLARY, OR CONSEQUENTIAL DAMAGES (INCLUDING BUT NOT LIMITED TO
    35                           ; PROCUREMENT OF SUBSTITUTE GOODS OR SERVICES; LOSS OF USE, DATA OR PROFITS; OR BUSINESS
    36                           ; INTERRUPTION) HOWSOEVER CAUSED AND ON ANY THEORY OF LIABILITY, WHETHER IN CONTRACT, ST
      +                          RICT
    37                           ; LIABILITY, OR TORT (INCLUDING NEGLIGENCE OR OTHERWISE) ARISING IN ANY WAY OUT OF THE U
      +                          SE OF
    38                           ; THIS SOFTWARE, EVEN IF ADVISED OF THE POSSIBILITY OF SUCH DAMAGE.
    39                           ; 
    40                           ; 
    41                           ; Code-generator required, PIC12F675 Definitions
    42                           ; 
    43                           ; SFR Addresses
    44  0000                     	;# 
    45  0001                     	;# 
    46  0002                     	;# 
    47  0003                     	;# 
    48  0004                     	;# 
    49  0005                     	;# 
    50  000A                     	;# 
    51  000B                     	;# 
    52  000C                     	;# 
    53  000E                     	;# 
    54  000E                     	;# 
    55  000F                     	;# 
    56  0010                     	;# 
    57  0019                     	;# 
    58  001E                     	;# 
    59  001F                     	;# 
    60  0081                     	;# 
    61  0085                     	;# 
    62  008C                     	;# 
    63  008E                     	;# 
    64  0090                     	;# 
    65  0095                     	;# 
    66  0096                     	;# 
    67  0096                     	;# 
    68  0099                     	;# 
    69  009A                     	;# 
    70  009A                     	;# 
    71  009B                     	;# 
    72  009C                     	;# 
    73  009D                     	;# 
    74  009E                     	;# 
    75  009F                     	;# 
    76  0000                     	;# 
    77  0001                     	;# 
    78  0002                     	;# 
    79  0003                     	;# 
    80  0004                     	;# 
    81  0005                     	;# 
    82  000A                     	;# 
    83  000B                     	;# 
    84  000C                     	;# 
    85  000E                     	;# 
    86  000E                     	;# 
    87  000F                     	;# 
    88  0010                     	;# 
    89  0019                     	;# 
    90  001E                     	;# 
    91  001F                     	;# 
    92  0081                     	;# 
    93  0085                     	;# 
    94  008C                     	;# 
    95  008E                     	;# 
    96  0090                     	;# 
    97  0095                     	;# 
    98  0096                     	;# 
    99  0096                     	;# 
   100  0099                     	;# 
   101  009A                     	;# 
   102  009A                     	;# 
   103  009B                     	;# 
   104  009C                     	;# 
   105  009D                     	;# 
   106  009E                     	;# 
   107  009F                     	;# 
   108  0005                     _GPIObits	set	5
   109  0019                     _CMCON	set	25
   110  0085                     _TRISIObits	set	133
   111  009F                     _ANSEL	set	159
   112                           
   113                           	psect	cinit
   114  03FD                     start_initialization:	
   115                           ; #config settings
   116                           
   117  03FD                     __initialization:
   118  03FD                     end_of_initialization:	
   119                           ;End of C runtime variable initialization code
   120                           
   121  03FD                     __end_of__initialization:
   122  03FD  0183               	clrf	3
   123  03FE  2B92               	ljmp	_main	;jump to C main() function
   124                           
   125                           	psect	cstackBANK0
   126  0020                     __pcstackBANK0:
   127  0020                     ?_main:
   128  0020                     ??_main:	
   129                           ; 1 bytes @ 0x0
   130                           
   131                           
   132                           ; 1 bytes @ 0x0
   133  0020                     	ds	3
   134  0023                     main@flag:
   135                           
   136                           ; 1 bytes @ 0x3
   137  0023                     	ds	1
   138                           
   139                           	psect	maintext
   140  0392                     __pmaintext:	
   141 ;;
   142 ;;Main: autosize = 0, tempsize = 3, incstack = 0, save=0
   143 ;;
   144 ;; *************** function _main *****************
   145 ;; Defined at:
   146 ;;		line 14 in file "LamparaUV.c"
   147 ;; Parameters:    Size  Location     Type
   148 ;;		None
   149 ;; Auto vars:     Size  Location     Type
   150 ;;  flag            1    3[BANK0 ] _Bool 
   151 ;; Return value:  Size  Location     Type
   152 ;;                  1    wreg      void 
   153 ;; Registers used:
   154 ;;		wreg, status,2, status,0, btemp+1
   155 ;; Tracked objects:
   156 ;;		On entry : B00/0
   157 ;;		On exit  : 0/0
   158 ;;		Unchanged: 0/0
   159 ;; Data sizes:     COMMON   BANK0
   160 ;;      Params:         0       0
   161 ;;      Locals:         0       1
   162 ;;      Temps:          0       3
   163 ;;      Totals:         0       4
   164 ;;Total ram usage:        4 bytes
   165 ;; This function calls:
   166 ;;		Nothing
   167 ;; This function is called by:
   168 ;;		Startup code after reset
   169 ;; This function uses a non-reentrant model
   170 ;;
   171                           
   172                           
   173                           ;psect for function _main
   174  0392                     _main:
   175  0392                     l678:	
   176                           ;incstack = 0
   177                           ; Regs used in _main: [wreg+status,2+status,0+btemp+1]
   178                           
   179                           
   180                           ;LamparaUV.c: 15:     TRISIObits.TRISIO5 = 0;
   181  0392  30F0               	movlw	240
   182  0393  00DF               	movwf	btemp+1
   183  0394  085F               	movf	btemp+1,w
   184  0395  1683               	bsf	3,5	;RP0=1, select bank1
   185  0396  059F               	andwf	31,f	;volatile
   186  0397                     l680:
   187                           
   188                           ;LamparaUV.c: 16:     GPIObits.GP5 = 0;
   189  0397  3007               	movlw	7
   190  0398  1283               	bcf	3,5	;RP0=0, select bank0
   191  0399  0099               	movwf	25	;volatile
   192  039A                     l682:
   193                           
   194                           ;LamparaUV.c: 17:     while(1){
   195  039A  01A3               	clrf	main@flag
   196  039B                     l684:
   197                           
   198                           ;LamparaUV.c: 20:             _delay((unsigned long)((500)*(4000000/4000.0)));
   199  039B  1683               	bsf	3,5	;RP0=1, select bank1
   200  039C  1405               	bsf	5,0	;volatile
   201  039D                     l686:
   202                           
   203                           ;LamparaUV.c: 21:             while(flag == 0){
   204  039D  1085               	bcf	5,1	;volatile
   205  039E                     l688:
   206                           
   207                           ;LamparaUV.c: 22:             GPIObits.GP1 = 1;
   208  039E  1283               	bcf	3,5	;RP0=0, select bank0
   209  039F  1085               	bcf	5,1	;volatile
   210  03A0                     l690:
   211                           
   212                           ;LamparaUV.c: 23:             GPIObits.GP2 = 1;
   213  03A0  1683               	bsf	3,5	;RP0=1, select bank1
   214  03A1  1105               	bcf	5,2	;volatile
   215  03A2                     l692:
   216                           
   217                           ;LamparaUV.c: 24:             GPIObits.GP4 = 1;
   218  03A2  1283               	bcf	3,5	;RP0=0, select bank0
   219  03A3  1105               	bcf	5,2	;volatile
   220  03A4                     l694:
   221                           
   222                           ;LamparaUV.c: 25:             GPIObits.GP5 = 1;
   223  03A4  1683               	bsf	3,5	;RP0=1, select bank1
   224  03A5  1205               	bcf	5,4	;volatile
   225  03A6                     l696:
   226                           
   227                           ;LamparaUV.c: 26:             if(GPIObits.GPIO0 == 1){
   228  03A6  1283               	bcf	3,5	;RP0=0, select bank0
   229  03A7  1205               	bcf	5,4	;volatile
   230  03A8                     l698:
   231                           
   232                           ;LamparaUV.c: 27:                 while(GPIObits.GPIO0 == 1);
   233  03A8  1683               	bsf	3,5	;RP0=1, select bank1
   234  03A9  1285               	bcf	5,5	;volatile
   235  03AA                     l700:
   236                           
   237                           ;LamparaUV.c: 28:                 flag = 1;
   238  03AA  1283               	bcf	3,5	;RP0=0, select bank0
   239  03AB  1285               	bcf	5,5	;volatile
   240  03AC                     l702:
   241                           
   242                           ;LamparaUV.c: 30: 
   243  03AC  1C05               	btfss	5,0	;volatile
   244  03AD  2BAF               	goto	u61
   245  03AE  2BB0               	goto	u60
   246  03AF                     u61:
   247  03AF  2BE9               	goto	l724
   248  03B0                     u60:
   249  03B0                     l17:
   250  03B0  1805               	btfsc	5,0	;volatile
   251  03B1  2BB3               	goto	u71
   252  03B2  2BB4               	goto	u70
   253  03B3                     u71:
   254  03B3  2BB0               	goto	l17
   255  03B4                     u70:
   256  03B4                     l706:
   257                           
   258                           ;LamparaUV.c: 32:             _delay((unsigned long)((500)*(4000000/4000.0)));
   259  03B4  3003               	movlw	3
   260  03B5  00A2               	movwf	??_main+2
   261  03B6  308A               	movlw	138
   262  03B7  00A1               	movwf	??_main+1
   263  03B8  3055               	movlw	85
   264  03B9  00A0               	movwf	??_main
   265  03BA                     u117:
   266  03BA  0BA0               	decfsz	??_main,f
   267  03BB  2BBA               	goto	u117
   268  03BC  0BA1               	decfsz	??_main+1,f
   269  03BD  2BBA               	goto	u117
   270  03BE  0BA2               	decfsz	??_main+2,f
   271  03BF  2BBA               	goto	u117
   272  03C0  2BC1               	nop2
   273                           
   274                           ;LamparaUV.c: 33:             GPIObits.GP1 = 0;
   275  03C1  2BD0               	goto	l710
   276  03C2                     l21:
   277                           
   278                           ;LamparaUV.c: 34:             GPIObits.GP2 = 0;
   279  03C2  1485               	bsf	5,1	;volatile
   280                           
   281                           ;LamparaUV.c: 35:             GPIObits.GP4 = 0;
   282  03C3  1505               	bsf	5,2	;volatile
   283                           
   284                           ;LamparaUV.c: 36:             GPIObits.GP5 = 0;
   285  03C4  1605               	bsf	5,4	;volatile
   286                           
   287                           ;LamparaUV.c: 37:             break;
   288  03C5  1685               	bsf	5,5	;volatile
   289                           
   290                           ;LamparaUV.c: 38: 
   291  03C6  1C05               	btfss	5,0	;volatile
   292  03C7  2BC9               	goto	u81
   293  03C8  2BCA               	goto	u80
   294  03C9                     u81:
   295  03C9  2BD0               	goto	l710
   296  03CA                     u80:
   297  03CA                     l23:
   298  03CA  1805               	btfsc	5,0	;volatile
   299  03CB  2BCD               	goto	u91
   300  03CC  2BCE               	goto	u90
   301  03CD                     u91:
   302  03CD  2BCA               	goto	l23
   303  03CE                     u90:
   304  03CE                     l25:
   305                           
   306                           ;LamparaUV.c: 40:         else{
   307  03CE  01A3               	clrf	main@flag
   308  03CF  0AA3               	incf	main@flag,f
   309  03D0                     l710:
   310                           
   311                           ;LamparaUV.c: 33:             GPIObits.GP1 = 0;
   312  03D0  1283               	bcf	3,5	;RP0=0, select bank0
   313  03D1  0823               	movf	main@flag,w
   314  03D2  1903               	btfsc	3,2
   315  03D3  2BD5               	goto	u101
   316  03D4  2BD6               	goto	u100
   317  03D5                     u101:
   318  03D5  2BC2               	goto	l21
   319  03D6                     u100:
   320  03D6                     l712:
   321                           
   322                           ;LamparaUV.c: 44:             GPIObits.GP4 = 0;
   323  03D6  3003               	movlw	3
   324  03D7  00A2               	movwf	??_main+2
   325  03D8  308A               	movlw	138
   326  03D9  00A1               	movwf	??_main+1
   327  03DA  3055               	movlw	85
   328  03DB  00A0               	movwf	??_main
   329  03DC                     u127:
   330  03DC  0BA0               	decfsz	??_main,f
   331  03DD  2BDC               	goto	u127
   332  03DE  0BA1               	decfsz	??_main+1,f
   333  03DF  2BDC               	goto	u127
   334  03E0  0BA2               	decfsz	??_main+2,f
   335  03E1  2BDC               	goto	u127
   336  03E2  2BE3               	nop2
   337  03E3                     l714:
   338                           
   339                           ;LamparaUV.c: 45:             GPIObits.GP5 = 0;
   340  03E3  1283               	bcf	3,5	;RP0=0, select bank0
   341  03E4  1085               	bcf	5,1	;volatile
   342  03E5                     l716:
   343                           
   344                           ;LamparaUV.c: 46:         }
   345  03E5  1105               	bcf	5,2	;volatile
   346  03E6                     l718:
   347                           
   348                           ;LamparaUV.c: 47: 
   349  03E6  1205               	bcf	5,4	;volatile
   350  03E7                     l720:
   351                           
   352                           ;LamparaUV.c: 48:     }
   353  03E7  1285               	bcf	5,5	;volatile
   354                           
   355                           ;LamparaUV.c: 49:     return;
   356  03E8  2BFC               	goto	l30
   357  03E9                     l724:
   358  03E9  3003               	movlw	3
   359  03EA  00A2               	movwf	??_main+2
   360  03EB  308A               	movlw	138
   361  03EC  00A1               	movwf	??_main+1
   362  03ED  3055               	movlw	85
   363  03EE  00A0               	movwf	??_main
   364  03EF                     u137:
   365  03EF  0BA0               	decfsz	??_main,f
   366  03F0  2BEF               	goto	u137
   367  03F1  0BA1               	decfsz	??_main+1,f
   368  03F2  2BEF               	goto	u137
   369  03F3  0BA2               	decfsz	??_main+2,f
   370  03F4  2BEF               	goto	u137
   371  03F5  2BF6               	nop2
   372  03F6                     l726:
   373  03F6  1283               	bcf	3,5	;RP0=0, select bank0
   374  03F7  1085               	bcf	5,1	;volatile
   375  03F8                     l728:
   376  03F8  1105               	bcf	5,2	;volatile
   377  03F9                     l730:
   378  03F9  1205               	bcf	5,4	;volatile
   379  03FA                     l732:
   380  03FA  1285               	bcf	5,5	;volatile
   381  03FB  2BAC               	goto	l702
   382  03FC                     l30:
   383  03FC  2800               	ljmp	start
   384  03FD                     __end_of_main:
   385  005E                     btemp	set	94	;btemp
   386  005E                     wtemp0	set	94
   387                           
   388                           	psect	config
   389                           
   390                           ;Config register CONFIG @ 0x2007
   391                           ;	Oscillator Selection bits
   392                           ;	FOSC = INTRCIO, INTOSC oscillator: I/O function on GP4/OSC2/CLKOUT pin, I/O function o
      +                          n GP5/OSC1/CLKIN
   393                           ;	Watchdog Timer Enable bit
   394                           ;	WDTE = OFF, WDT disabled
   395                           ;	Power-Up Timer Enable bit
   396                           ;	PWRTE = ON, PWRT enabled
   397                           ;	GP3/MCLR pin function select
   398                           ;	MCLRE = ON, GP3/MCLR pin function is MCLR
   399                           ;	Brown-out Detect Enable bit
   400                           ;	BOREN = OFF, BOD disabled
   401                           ;	Code Protection bit
   402                           ;	CP = OFF, Program Memory code protection is disabled
   403                           ;	Data Code Protection bit
   404                           ;	CPD = OFF, Data memory code protection is disabled
   405  2007                     	org	8199
   406  2007  31A4               	dw	12708

Data Sizes:
    Strings     0
    Constant    0
    Data        0
    BSS         0
    Persistent  0
    Stack       0

Auto Spaces:
    Space          Size  Autos    Used
    COMMON            0      0       0
    BANK0            62      4       4

Pointer List with Targets:

    None.

Critical Paths under _main in COMMON

    None.

Critical Paths under _main in BANK0

    None.

Call Graph Tables:

 ---------------------------------------------------------------------------------
 (Depth) Function   	        Calls       Base Space   Used Autos Params    Refs
 ---------------------------------------------------------------------------------
 (0) _main                                                 4     4      0      24
                                              0 BANK0      4     4      0
 ---------------------------------------------------------------------------------
 Estimated maximum stack depth 0
 ---------------------------------------------------------------------------------

 Call Graph Graphs:

 _main (ROOT)

 Address spaces:
Name               Size   Autos  Total    Cost      Usage
BITCOMMON            0      0       0       0        0.0%
EEDATA              80      0       0       0        0.0%
NULL                 0      0       0       0        0.0%
CODE                 0      0       0       0        0.0%
BITSFR0              0      0       0       1        0.0%
SFR0                 0      0       0       1        0.0%
COMMON               0      0       0       1        0.0%
BITSFR1              0      0       0       2        0.0%
SFR1                 0      0       0       2        0.0%
STACK                0      0       0       2        0.0%
BITBANK0            3E      0       0       3        0.0%
BANK0               3E      4       4       4        6.5%
ABS                  0      0       0       5        0.0%
DATA                 0      0       0       6        0.0%


Microchip Technology PIC Macro Assembler V2.20 build 20200408173844 
Symbol Table                                                                                   Sat Mar 20 21:38:13 2021

                     l21 03C2                       l30 03FC                       l23 03CA  
                     l25 03CE                       l17 03B0                       u60 03B0  
                     u61 03AF                       u70 03B4                       u71 03B3  
                     u80 03CA                       u81 03C9                       u90 03CE  
                     u91 03CD                      l700 03AA                      l710 03D0  
                    l702 03AC                      l720 03E7                      l712 03D6  
                    l730 03F9                      l714 03E3                      l706 03B4  
                    l732 03FA                      l716 03E5                      l724 03E9  
                    l726 03F6                      l718 03E6                      l728 03F8  
                    l680 0397                      l690 03A0                      l682 039A  
                    l692 03A2                      l684 039B                      l694 03A4  
                    l686 039D                      l678 0392                      l696 03A6  
                    l688 039E                      l698 03A8                      u100 03D6  
                    u101 03D5                      u117 03BA                      u127 03DC  
                    u137 03EF                     _main 0392                     btemp 005E  
                   start 0000                    ?_main 0020                    _CMCON 0019  
                  _ANSEL 009F                    status 0003                    wtemp0 005E  
        __initialization 03FD             __end_of_main 03FD                   ??_main 0020  
__end_of__initialization 03FD               __pmaintext 0392     end_of_initialization 03FD  
    start_initialization 03FD                ___latbits 0000            __pcstackBANK0 0020  
               _GPIObits 0005            __size_of_main 006B                 main@flag 0023  
             _TRISIObits 0085  
